<?xml version="1.0" encoding="UTF-8"?>
<!-- Generated by org.testng.reporters.JUnitReportReporter -->
<testsuite hostname="CPDK216" failures="0" tests="1" name="Demo.A1" time="9.011" errors="0" timestamp="2025-09-01T14:16:31 IST" skipped="0">
  <testcase classname="Demo.A1" name="Login" time="9.011"/>
</testsuite> <!-- Demo.A1 -->
