<?xml version="1.0" encoding="UTF-8"?>
<!-- Generated by org.testng.reporters.JUnitReportReporter -->
<testsuite hostname="CPDK216" failures="0" tests="1" name="Test.Run" time="55.787" errors="0" timestamp="2025-09-01T17:07:52 IST" skipped="0">
  <testcase classname="Test.Run" name="login" time="55.787"/>
</testsuite> <!-- Test.Run -->
